<?xml version="1.0" encoding="UTF-8"?>
<!-- Generated by org.testng.reporters.JUnitReportReporter -->
<testsuite hostname="DESKTOP-V0EQBTF" failures="0" tests="1" name="restAssured.restAssured.chaining1" time="2.305" errors="0" timestamp="2024-06-19T11:29:22 IST" skipped="0">
  <testcase classname="restAssured.restAssured.chaining1" name="updateUserAndDelete" time="2.305"/>
  <system-out/>
</testsuite> <!-- restAssured.restAssured.chaining1 -->
